[debug] [2020-10-24T23:47:51.386Z] ----------------------------------------------------------------------
[debug] [2020-10-24T23:47:51.388Z] Command:       /Users/omsaid/.nvm/versions/node/v12.18.4/bin/node /Users/omsaid/.nvm/versions/node/v12.18.4/bin/firebase deploy
[debug] [2020-10-24T23:47:51.388Z] CLI Version:   8.13.0
[debug] [2020-10-24T23:47:51.389Z] Platform:      darwin
[debug] [2020-10-24T23:47:51.389Z] Node Version:  v12.18.4
[debug] [2020-10-24T23:47:51.390Z] Time:          Sat Oct 24 2020 19:47:51 GMT-0400 (Eastern Daylight Time)
[debug] [2020-10-24T23:47:51.390Z] ----------------------------------------------------------------------
[debug] [2020-10-24T23:47:51.390Z] 
[debug] [2020-10-24T23:47:51.398Z] > command requires scopes: ["email","openid","https://www.googleapis.com/auth/cloudplatformprojects.readonly","https://www.googleapis.com/auth/firebase","https://www.googleapis.com/auth/cloud-platform"]
[debug] [2020-10-24T23:47:51.398Z] > authorizing via signed-in user
[debug] [2020-10-24T23:47:51.398Z] [iam] checking project sickkids-f3f02 for permissions ["cloudfunctions.functions.create","cloudfunctions.functions.delete","cloudfunctions.functions.get","cloudfunctions.functions.list","cloudfunctions.functions.update","cloudfunctions.operations.get","firebase.projects.get"]
[debug] [2020-10-24T23:47:51.401Z] >>> HTTP REQUEST POST https://cloudresourcemanager.googleapis.com/v1/projects/sickkids-f3f02:testIamPermissions  
 {"permissions":["cloudfunctions.functions.create","cloudfunctions.functions.delete","cloudfunctions.functions.get","cloudfunctions.functions.list","cloudfunctions.functions.update","cloudfunctions.operations.get","firebase.projects.get"]}
[debug] [2020-10-24T23:47:51.650Z] <<< HTTP RESPONSE 200 {"content-type":"application/json; charset=UTF-8","vary":"X-Origin, Referer, Origin,Accept-Encoding","date":"Sat, 24 Oct 2020 23:47:51 GMT","server":"ESF","cache-control":"private","x-xss-protection":"0","x-frame-options":"SAMEORIGIN","x-content-type-options":"nosniff","server-timing":"gfet4t7; dur=166","alt-svc":"h3-Q050=\":443\"; ma=2592000,h3-29=\":443\"; ma=2592000,h3-T051=\":443\"; ma=2592000,h3-T050=\":443\"; ma=2592000,h3-Q046=\":443\"; ma=2592000,h3-Q043=\":443\"; ma=2592000,quic=\":443\"; ma=2592000; v=\"46,43\"","accept-ranges":"none","transfer-encoding":"chunked"}
[debug] [2020-10-24T23:47:51.652Z] >>> HTTP REQUEST POST https://iam.googleapis.com/v1/projects/sickkids-f3f02/serviceAccounts/sickkids-f3f02@appspot.gserviceaccount.com:testIamPermissions  
 {"permissions":["iam.serviceAccounts.actAs"]}
[debug] [2020-10-24T23:47:51.909Z] <<< HTTP RESPONSE 200 {"content-type":"application/json; charset=UTF-8","vary":"X-Origin, Referer, Origin,Accept-Encoding","date":"Sat, 24 Oct 2020 23:47:51 GMT","server":"ESF","cache-control":"private","x-xss-protection":"0","x-frame-options":"SAMEORIGIN","x-content-type-options":"nosniff","alt-svc":"h3-Q050=\":443\"; ma=2592000,h3-29=\":443\"; ma=2592000,h3-T051=\":443\"; ma=2592000,h3-T050=\":443\"; ma=2592000,h3-Q046=\":443\"; ma=2592000,h3-Q043=\":443\"; ma=2592000,quic=\":443\"; ma=2592000; v=\"46,43\"","accept-ranges":"none","transfer-encoding":"chunked"}
[info] 
[info] === Deploying to 'sickkids-f3f02'...
[info] 
[info] i  deploying functions 
[debug] [2020-10-24T23:47:53.668Z] > [functions] package.json contents: {
  "name": "functions",
  "description": "Cloud Functions for Firebase",
  "scripts": {
    "serve": "firebase emulators:start --only functions",
    "shell": "firebase functions:shell",
    "start": "npm run shell",
    "deploy": "firebase deploy --only functions",
    "logs": "firebase functions:log"
  },
  "engines": {
    "node": "12"
  },
  "main": "index.js",
  "dependencies": {
    "express": "^4.17.1",
    "firebase": "^7.24.0",
    "firebase-admin": "^9.2.0",
    "firebase-functions": "^3.11.0"
  },
  "devDependencies": {
    "firebase-functions-test": "^0.2.0"
  },
  "private": true
}
[info] i  functions: ensuring required API cloudfunctions.googleapis.com is enabled... 
[info] i  functions: ensuring required API cloudbuild.googleapis.com is enabled... 
[debug] [2020-10-24T23:47:54.502Z] >>> HTTP REQUEST GET https://serviceusage.googleapis.com/v1/projects/sickkids-f3f02/services/cloudfunctions.googleapis.com  
 
[debug] [2020-10-24T23:47:54.502Z] >>> HTTP REQUEST GET https://serviceusage.googleapis.com/v1/projects/sickkids-f3f02/services/runtimeconfig.googleapis.com  
 
[debug] [2020-10-24T23:47:54.502Z] >>> HTTP REQUEST GET https://serviceusage.googleapis.com/v1/projects/sickkids-f3f02/services/cloudbuild.googleapis.com  
 
[debug] [2020-10-24T23:47:54.849Z] <<< HTTP RESPONSE 200 {"content-type":"application/json; charset=UTF-8","vary":"X-Origin, Referer, Origin,Accept-Encoding","date":"Sat, 24 Oct 2020 23:47:54 GMT","server":"ESF","cache-control":"private","x-xss-protection":"0","x-frame-options":"SAMEORIGIN","x-content-type-options":"nosniff","alt-svc":"h3-Q050=\":443\"; ma=2592000,h3-29=\":443\"; ma=2592000,h3-T051=\":443\"; ma=2592000,h3-T050=\":443\"; ma=2592000,h3-Q046=\":443\"; ma=2592000,h3-Q043=\":443\"; ma=2592000,quic=\":443\"; ma=2592000; v=\"46,43\"","accept-ranges":"none","transfer-encoding":"chunked"}
[debug] [2020-10-24T23:47:54.868Z] <<< HTTP RESPONSE 200 {"content-type":"application/json; charset=UTF-8","vary":"X-Origin, Referer, Origin,Accept-Encoding","date":"Sat, 24 Oct 2020 23:47:54 GMT","server":"ESF","cache-control":"private","x-xss-protection":"0","x-frame-options":"SAMEORIGIN","x-content-type-options":"nosniff","alt-svc":"h3-Q050=\":443\"; ma=2592000,h3-29=\":443\"; ma=2592000,h3-T051=\":443\"; ma=2592000,h3-T050=\":443\"; ma=2592000,h3-Q046=\":443\"; ma=2592000,h3-Q043=\":443\"; ma=2592000,quic=\":443\"; ma=2592000; v=\"46,43\"","accept-ranges":"none","transfer-encoding":"chunked"}
[info] ✔  functions: required API cloudbuild.googleapis.com is enabled 
[debug] [2020-10-24T23:47:54.878Z] <<< HTTP RESPONSE 200 {"content-type":"application/json; charset=UTF-8","vary":"X-Origin, Referer, Origin,Accept-Encoding","date":"Sat, 24 Oct 2020 23:47:54 GMT","server":"ESF","cache-control":"private","x-xss-protection":"0","x-frame-options":"SAMEORIGIN","x-content-type-options":"nosniff","alt-svc":"h3-Q050=\":443\"; ma=2592000,h3-29=\":443\"; ma=2592000,h3-T051=\":443\"; ma=2592000,h3-T050=\":443\"; ma=2592000,h3-Q046=\":443\"; ma=2592000,h3-Q043=\":443\"; ma=2592000,quic=\":443\"; ma=2592000; v=\"46,43\"","accept-ranges":"none","transfer-encoding":"chunked"}
[info] ✔  functions: required API cloudfunctions.googleapis.com is enabled 
[debug] [2020-10-24T23:47:54.879Z] >>> HTTP REQUEST GET https://firebase.googleapis.com/v1beta1/projects/sickkids-f3f02/adminSdkConfig  
 
[debug] [2020-10-24T23:47:55.116Z] <<< HTTP RESPONSE 200 {"content-type":"application/json; charset=UTF-8","vary":"X-Origin, Referer, Origin,Accept-Encoding","date":"Sat, 24 Oct 2020 23:47:55 GMT","server":"ESF","cache-control":"private","x-xss-protection":"0","x-frame-options":"SAMEORIGIN","x-content-type-options":"nosniff","alt-svc":"h3-Q050=\":443\"; ma=2592000,h3-29=\":443\"; ma=2592000,h3-T051=\":443\"; ma=2592000,h3-T050=\":443\"; ma=2592000,h3-Q046=\":443\"; ma=2592000,h3-Q043=\":443\"; ma=2592000,quic=\":443\"; ma=2592000; v=\"46,43\"","accept-ranges":"none","transfer-encoding":"chunked"}
[info] i  functions: preparing functions directory for uploading... 
[debug] [2020-10-24T23:47:55.117Z] >>> HTTP REQUEST GET https://runtimeconfig.googleapis.com/v1beta1/projects/sickkids-f3f02/configs  
 
[debug] [2020-10-24T23:47:55.326Z] <<< HTTP RESPONSE 200 {"content-type":"application/json; charset=UTF-8","vary":"X-Origin, Referer, Origin,Accept-Encoding","date":"Sat, 24 Oct 2020 23:47:55 GMT","server":"ESF","cache-control":"private","x-xss-protection":"0","x-frame-options":"SAMEORIGIN","x-content-type-options":"nosniff","alt-svc":"h3-Q050=\":443\"; ma=2592000,h3-29=\":443\"; ma=2592000,h3-T051=\":443\"; ma=2592000,h3-T050=\":443\"; ma=2592000,h3-Q046=\":443\"; ma=2592000,h3-Q043=\":443\"; ma=2592000,quic=\":443\"; ma=2592000; v=\"46,43\"","accept-ranges":"none","transfer-encoding":"chunked"}
[info] i  functions: packaged functions (33.14 KB) for uploading 
[debug] [2020-10-24T23:47:55.891Z] >>> HTTP REQUEST GET https://cloudfunctions.googleapis.com/v1/projects/sickkids-f3f02/locations/-/functions  
 
[debug] [2020-10-24T23:47:56.381Z] <<< HTTP RESPONSE 200 {"content-type":"application/json; charset=UTF-8","vary":"X-Origin, Referer, Origin,Accept-Encoding","date":"Sat, 24 Oct 2020 23:47:56 GMT","server":"ESF","cache-control":"private","x-xss-protection":"0","x-frame-options":"SAMEORIGIN","x-content-type-options":"nosniff","alt-svc":"h3-Q050=\":443\"; ma=2592000,h3-29=\":443\"; ma=2592000,h3-T051=\":443\"; ma=2592000,h3-T050=\":443\"; ma=2592000,h3-Q046=\":443\"; ma=2592000,h3-Q043=\":443\"; ma=2592000,quic=\":443\"; ma=2592000; v=\"46,43\"","accept-ranges":"none","transfer-encoding":"chunked"}
[debug] [2020-10-24T23:47:56.383Z] >>> HTTP REQUEST POST https://cloudfunctions.googleapis.com/v1/projects/sickkids-f3f02/locations/us-central1/functions:generateUploadUrl  
 
[debug] [2020-10-24T23:47:57.089Z] <<< HTTP RESPONSE 200 {"content-type":"application/json; charset=UTF-8","vary":"X-Origin, Referer, Origin,Accept-Encoding","date":"Sat, 24 Oct 2020 23:47:57 GMT","server":"ESF","cache-control":"private","x-xss-protection":"0","x-frame-options":"SAMEORIGIN","x-content-type-options":"nosniff","alt-svc":"h3-Q050=\":443\"; ma=2592000,h3-29=\":443\"; ma=2592000,h3-T051=\":443\"; ma=2592000,h3-T050=\":443\"; ma=2592000,h3-Q046=\":443\"; ma=2592000,h3-Q043=\":443\"; ma=2592000,quic=\":443\"; ma=2592000; v=\"46,43\"","accept-ranges":"none","transfer-encoding":"chunked"}
[debug] [2020-10-24T23:47:57.089Z] >>> HTTP REQUEST PUT https://storage.googleapis.com/gcf-upload-us-central1-0c2d9e25-9f9a-49e0-b335-ffc2fb992162/33cac6fa-70be-48a7-af7c-c8fc828220de.zip?GoogleAccessId=service-400096558221@gcf-admin-robot.iam.gserviceaccount.com&Expires=1603585076&Signature=dmzpddYEbBtCn%2FIE0pfJmHjLZHzIa9fexrbvpvhSWZnZkJ3C9jJ4GTjjxYV%2FaVFC1tBkXDIoBrG4m5ee7AHGkgxDdlbOclcACRCe7%2FmYW%2Bb3Opv%2FXaQgLnWSV%2BS%2Flsg%2BEi5TCFuyEvHg%2FU286olfhMKEgoKHlxcRF%2BfmsK3mztb4X2ToJCFAtIYjux1mCN%2FoVtB67LUOXrx7181QPKgnNmLpfQH3BQDsuUN8mM04GVHVcQD1ZBw%2FjEQ24rU2vnxwiG4BaN1LdG238QyqigsiBkYMm9EdSPXl7h7EMPcIRQ9YRU7K%2Fp46z4XgE0pPy1w8tN%2BQcBoOdYucN%2FjST4qwwg%3D%3D  
 <request body omitted>
[debug] [2020-10-24T23:47:57.440Z] <<< HTTP RESPONSE 200 {"x-guploader-uploadid":"ABg5-Ux3xF4aB3vZViI1asFV27LP54cIwXm8Y8xZ3J7VhOyf0GEaPrA8w9vajgOSHT2hAja2RG0JgCxh8nuVWsHlLnlt-rBZfg","etag":"\"c14bc3552e457d2f7a0b065523e96ad1\"","x-goog-generation":"1603583277421070","x-goog-metageneration":"1","x-goog-hash":"crc32c=651Dnw==, md5=wUvDVS5FfS96CwZVI+lq0Q==","x-goog-stored-content-length":"33935","x-goog-stored-content-encoding":"identity","vary":"Origin","content-length":"0","date":"Sat, 24 Oct 2020 23:47:57 GMT","server":"UploadServer","content-type":"text/html; charset=UTF-8","alt-svc":"h3-Q050=\":443\"; ma=2592000,h3-29=\":443\"; ma=2592000,h3-T051=\":443\"; ma=2592000,h3-T050=\":443\"; ma=2592000,h3-Q046=\":443\"; ma=2592000,h3-Q043=\":443\"; ma=2592000,quic=\":443\"; ma=2592000; v=\"46,43\""}
[info] ✔  functions: functions folder uploaded successfully 
[info] i  functions: updating Node.js 12 function api(us-central1)... 
[debug] [2020-10-24T23:47:57.444Z] Trigger is:  {"httpsTrigger":{}}
[debug] [2020-10-24T23:47:57.446Z] >>> HTTP REQUEST PATCH https://cloudfunctions.googleapis.com/v1/projects/sickkids-f3f02/locations/us-central1/functions/api {"updateMask":"sourceUploadUrl,name,labels,runtime,environmentVariables,httpsTrigger"} 
 {"sourceUploadUrl":"https://storage.googleapis.com/gcf-upload-us-central1-0c2d9e25-9f9a-49e0-b335-ffc2fb992162/33cac6fa-70be-48a7-af7c-c8fc828220de.zip?GoogleAccessId=service-400096558221@gcf-admin-robot.iam.gserviceaccount.com&Expires=1603585076&Signature=dmzpddYEbBtCn%2FIE0pfJmHjLZHzIa9fexrbvpvhSWZnZkJ3C9jJ4GTjjxYV%2FaVFC1tBkXDIoBrG4m5ee7AHGkgxDdlbOclcACRCe7%2FmYW%2Bb3Opv%2FXaQgLnWSV%2BS%2Flsg%2BEi5TCFuyEvHg%2FU286olfhMKEgoKHlxcRF%2BfmsK3mztb4X2ToJCFAtIYjux1mCN%2FoVtB67LUOXrx7181QPKgnNmLpfQH3BQDsuUN8mM04GVHVcQD1ZBw%2FjEQ24rU2vnxwiG4BaN1LdG238QyqigsiBkYMm9EdSPXl7h7EMPcIRQ9YRU7K%2Fp46z4XgE0pPy1w8tN%2BQcBoOdYucN%2FjST4qwwg%3D%3D","name":"projects/sickkids-f3f02/locations/us-central1/functions/api","labels":{"deployment-tool":"cli-firebase"},"httpsTrigger":{},"runtime":"nodejs12","environmentVariables":{"FIREBASE_CONFIG":"{\"projectId\":\"sickkids-f3f02\",\"databaseURL\":\"https://sickkids-f3f02.firebaseio.com\",\"storageBucket\":\"sickkids-f3f02.appspot.com\",\"locationId\":\"us-central\"}"}}
[debug] [2020-10-24T23:47:57.940Z] <<< HTTP RESPONSE 200 {"content-type":"application/json; charset=UTF-8","vary":"X-Origin, Referer, Origin,Accept-Encoding","date":"Sat, 24 Oct 2020 23:47:57 GMT","server":"ESF","cache-control":"private","x-xss-protection":"0","x-frame-options":"SAMEORIGIN","x-content-type-options":"nosniff","alt-svc":"h3-Q050=\":443\"; ma=2592000,h3-29=\":443\"; ma=2592000,h3-T051=\":443\"; ma=2592000,h3-T050=\":443\"; ma=2592000,h3-Q046=\":443\"; ma=2592000,h3-Q043=\":443\"; ma=2592000,quic=\":443\"; ma=2592000; v=\"46,43\"","accept-ranges":"none","transfer-encoding":"chunked"}
[debug] [2020-10-24T23:47:57.942Z] >>> HTTP REQUEST GET https://cloudfunctions.googleapis.com/v1/projects/sickkids-f3f02/locations/-/functions  
 
[debug] [2020-10-24T23:47:58.559Z] <<< HTTP RESPONSE 200 {"content-type":"application/json; charset=UTF-8","vary":"X-Origin, Referer, Origin,Accept-Encoding","date":"Sat, 24 Oct 2020 23:47:58 GMT","server":"ESF","cache-control":"private","x-xss-protection":"0","x-frame-options":"SAMEORIGIN","x-content-type-options":"nosniff","alt-svc":"h3-Q050=\":443\"; ma=2592000,h3-29=\":443\"; ma=2592000,h3-T051=\":443\"; ma=2592000,h3-T050=\":443\"; ma=2592000,h3-Q046=\":443\"; ma=2592000,h3-Q043=\":443\"; ma=2592000,quic=\":443\"; ma=2592000; v=\"46,43\"","accept-ranges":"none","transfer-encoding":"chunked"}
[debug] [2020-10-24T23:47:58.560Z] >>> HTTP REQUEST GET https://cloudfunctions.googleapis.com/v1/operations/c2lja2tpZHMtZjNmMDIvdXMtY2VudHJhbDEvYXBpL0Q2aVZsX3BqZ3k0  
 
[debug] [2020-10-24T23:47:58.742Z] <<< HTTP RESPONSE 200 {"content-type":"application/json; charset=UTF-8","vary":"X-Origin, Referer, Origin,Accept-Encoding","date":"Sat, 24 Oct 2020 23:47:58 GMT","server":"ESF","cache-control":"private","x-xss-protection":"0","x-frame-options":"SAMEORIGIN","x-content-type-options":"nosniff","alt-svc":"h3-Q050=\":443\"; ma=2592000,h3-29=\":443\"; ma=2592000,h3-T051=\":443\"; ma=2592000,h3-T050=\":443\"; ma=2592000,h3-Q046=\":443\"; ma=2592000,h3-Q043=\":443\"; ma=2592000,quic=\":443\"; ma=2592000; v=\"46,43\"","accept-ranges":"none","transfer-encoding":"chunked"}
[debug] [2020-10-24T23:48:00.745Z] >>> HTTP REQUEST GET https://cloudfunctions.googleapis.com/v1/operations/c2lja2tpZHMtZjNmMDIvdXMtY2VudHJhbDEvYXBpL0Q2aVZsX3BqZ3k0  
 
[debug] [2020-10-24T23:48:00.930Z] <<< HTTP RESPONSE 200 {"content-type":"application/json; charset=UTF-8","vary":"X-Origin, Referer, Origin,Accept-Encoding","date":"Sat, 24 Oct 2020 23:48:00 GMT","server":"ESF","cache-control":"private","x-xss-protection":"0","x-frame-options":"SAMEORIGIN","x-content-type-options":"nosniff","alt-svc":"h3-Q050=\":443\"; ma=2592000,h3-29=\":443\"; ma=2592000,h3-T051=\":443\"; ma=2592000,h3-T050=\":443\"; ma=2592000,h3-Q046=\":443\"; ma=2592000,h3-Q043=\":443\"; ma=2592000,quic=\":443\"; ma=2592000; v=\"46,43\"","accept-ranges":"none","transfer-encoding":"chunked"}
[debug] [2020-10-24T23:48:02.936Z] >>> HTTP REQUEST GET https://cloudfunctions.googleapis.com/v1/operations/c2lja2tpZHMtZjNmMDIvdXMtY2VudHJhbDEvYXBpL0Q2aVZsX3BqZ3k0  
 
[debug] [2020-10-24T23:48:03.123Z] <<< HTTP RESPONSE 200 {"content-type":"application/json; charset=UTF-8","vary":"X-Origin, Referer, Origin,Accept-Encoding","date":"Sat, 24 Oct 2020 23:48:03 GMT","server":"ESF","cache-control":"private","x-xss-protection":"0","x-frame-options":"SAMEORIGIN","x-content-type-options":"nosniff","alt-svc":"h3-Q050=\":443\"; ma=2592000,h3-29=\":443\"; ma=2592000,h3-T051=\":443\"; ma=2592000,h3-T050=\":443\"; ma=2592000,h3-Q046=\":443\"; ma=2592000,h3-Q043=\":443\"; ma=2592000,quic=\":443\"; ma=2592000; v=\"46,43\"","accept-ranges":"none","transfer-encoding":"chunked"}
